Using pre-set license
Built from '2020.3/staging' branch; Version is '2020.3.19f1 (68f137dc9bbe) revision 6877495'; Using compiler version '192528614'; Build Type 'Release'
OS: 'Windows 10 Pro; OS build 22000.376; Version 2009; 64bit' Language: 'it' Physical Memory: 24508 MB
BatchMode: 1, IsHumanControllingUs: 0, StartBugReporterOnCrash: 0, Is64bit: 1, IsPro: 0

COMMAND LINE ARGUMENTS:
D:\Programmi\Unity\Hub\Editor\2020.3.19f1\Editor\Unity.exe
-adb2
-batchMode
-noUpm
-name
AssetImportWorker1
-projectPath
D:/Users/Christian/UnityProjects/ProgettoVideoGameProgramming
-logFile
Logs/AssetImportWorker1.log
-srvPort
63141
Successfully changed project path to: D:/Users/Christian/UnityProjects/ProgettoVideoGameProgramming
D:/Users/Christian/UnityProjects/ProgettoVideoGameProgramming
Using Asset Import Pipeline V2.
Refreshing native plugins compatible for Editor in 112.02 ms, found 2 plugins.
Preloading 0 native plugins for Editor in 0.00 ms.
Initialize engine version: 2020.3.19f1 (68f137dc9bbe)
[Subsystems] Discovering subsystems at path D:/Programmi/Unity/Hub/Editor/2020.3.19f1/Editor/Data/Resources/UnitySubsystems
[Subsystems] Discovering subsystems at path D:/Users/Christian/UnityProjects/ProgettoVideoGameProgramming/Assets
GfxDevice: creating device client; threaded=0
Direct3D:
    Version:  Direct3D 11.0 [level 11.1]
    Renderer: NVIDIA GeForce GTX 1650 SUPER (ID=0x2187)
    Vendor:   
    VRAM:     3955 MB
    Driver:   30.0.14.9676
Shader 'Custom/AdditiveTintable': fallback shader 'Particles/Additive (Soft)' not found
Initialize mono
Mono path[0] = 'D:/Programmi/Unity/Hub/Editor/2020.3.19f1/Editor/Data/Managed'
Mono path[1] = 'D:/Programmi/Unity/Hub/Editor/2020.3.19f1/Editor/Data/MonoBleedingEdge/lib/mono/unityjit'
Mono config path = 'D:/Programmi/Unity/Hub/Editor/2020.3.19f1/Editor/Data/MonoBleedingEdge/etc'
Using monoOptions --debugger-agent=transport=dt_socket,embedding=1,server=y,suspend=n,address=127.0.0.1:56104
Begin MonoManager ReloadAssembly
Registering precompiled unity dll's ...
Register platform support module: D:/Programmi/Unity/Hub/Editor/2020.3.19f1/Editor/Data/PlaybackEngines/WindowsStandaloneSupport/UnityEditor.WindowsStandalone.Extensions.dll
Registered in 0.000879 seconds.
Native extension for WindowsStandalone target not found
Refreshing native plugins compatible for Editor in 109.31 ms, found 2 plugins.
Preloading 0 native plugins for Editor in 0.00 ms.
Mono: successfully reloaded assembly
- Completed reload, in  1.101 seconds
Domain Reload Profiling:
	ReloadAssembly (1101ms)
		BeginReloadAssembly (53ms)
			ExecutionOrderSort (0ms)
			DisableScriptedObjects (0ms)
			BackupInstance (0ms)
			ReleaseScriptingObjects (0ms)
			CreateAndSetChildDomain (1ms)
		EndReloadAssembly (528ms)
			LoadAssemblies (52ms)
			RebuildTransferFunctionScriptingTraits (0ms)
			SetupTypeCache (173ms)
			ReleaseScriptCaches (0ms)
			RebuildScriptCaches (31ms)
			SetupLoadedEditorAssemblies (253ms)
				LogAssemblyErrors (0ms)
				InitializePlatformSupportModulesInManaged (4ms)
				SetLoadedEditorAssemblies (0ms)
				RefreshPlugins (109ms)
				BeforeProcessingInitializeOnLoad (16ms)
				ProcessInitializeOnLoadAttributes (93ms)
				ProcessInitializeOnLoadMethodAttributes (31ms)
				AfterProcessingInitializeOnLoad (0ms)
				EditorAssembliesLoaded (0ms)
			ExecutionOrderSort2 (0ms)
			AwakeInstancesAfterBackupRestoration (0ms)
Platform modules already initialized, skipping
Registering precompiled user dll's ...
Registered in 0.004069 seconds.
Begin MonoManager ReloadAssembly
Native extension for WindowsStandalone target not found
Refreshing native plugins compatible for Editor in 115.76 ms, found 2 plugins.
Preloading 0 native plugins for Editor in 0.00 ms.
Mono: successfully reloaded assembly
- Completed reload, in  6.114 seconds
Domain Reload Profiling:
	ReloadAssembly (6121ms)
		BeginReloadAssembly (178ms)
			ExecutionOrderSort (0ms)
			DisableScriptedObjects (5ms)
			BackupInstance (0ms)
			ReleaseScriptingObjects (0ms)
			CreateAndSetChildDomain (21ms)
		EndReloadAssembly (5871ms)
			LoadAssemblies (3817ms)
			RebuildTransferFunctionScriptingTraits (0ms)
			SetupTypeCache (1008ms)
			ReleaseScriptCaches (1ms)
			RebuildScriptCaches (101ms)
			SetupLoadedEditorAssemblies (789ms)
				LogAssemblyErrors (0ms)
				InitializePlatformSupportModulesInManaged (5ms)
				SetLoadedEditorAssemblies (0ms)
				RefreshPlugins (116ms)
				BeforeProcessingInitializeOnLoad (124ms)
				ProcessInitializeOnLoadAttributes (493ms)
				ProcessInitializeOnLoadMethodAttributes (49ms)
				AfterProcessingInitializeOnLoad (2ms)
				EditorAssembliesLoaded (0ms)
			ExecutionOrderSort2 (0ms)
			AwakeInstancesAfterBackupRestoration (7ms)
Platform modules already initialized, skipping
========================================================================
Worker process is ready to serve import requests
Shader 'Custom/AdditiveTintable': fallback shader 'Particles/Additive (Soft)' not found
Launched and connected shader compiler UnityShaderCompiler.exe after 0.09 seconds
Refreshing native plugins compatible for Editor in 2.11 ms, found 2 plugins.
Preloading 0 native plugins for Editor in 0.00 ms.
Unloading 4183 Unused Serialized files (Serialized files now loaded: 0)
System memory in use before: 279.0 MB.
System memory in use after: 279.2 MB.

Unloading 58 unused Assets to reduce memory usage. Loaded Objects now: 4642.
Total: 8.106100 ms (FindLiveObjects: 0.741400 ms CreateObjectMapping: 0.376300 ms MarkObjects: 6.842100 ms  DeleteObjects: 0.144600 ms)

AssetImportParameters requested are different than current active one (requested -> active):
  custom:framework-win-MediaFoundation: 216162199b28c13a410421893ffa2e32 -> 
  custom:video-decoder-ogg-theora: a1e56fd34408186e4bbccfd4996cb3dc -> 
  custom:container-muxer-webm: aa71ff27fc2769a1b78a27578f13a17b -> 
  custom:container-demuxer-webm: 4f35f7cbe854078d1ac9338744f61a02 -> 
  custom:container-demuxer-ogg: 62fdf1f143b41e24485cea50d1cbac27 -> 
  custom:video-encoder-webm-vp8: eb34c28f22e8b96e1ab97ce403110664 -> 
  custom:video-decoder-webm-vp8: 9c59270c3fd7afecdb556c50c9e8de78 -> 
  custom:audio-decoder-ogg-vorbis: bf7c407c2cedff20999df2af8eb42d56 -> 
  custom:audio-encoder-webm-vorbis: bf7c407c2cedff20999df2af8eb42d56 -> 
========================================================================
Received Import Request.
  path: Assets/Prefab/VFX_Morgan_Environment_Circle.vfx
  artifactKey: Guid(19247a2a7c21a5345a2855564bb375b5) Importer(815301076,1909f56bfc062723c751e8b465ee728b)
Start importing Assets/Prefab/VFX_Morgan_Environment_Circle.vfx using Guid(19247a2a7c21a5345a2855564bb375b5) Importer(815301076,1909f56bfc062723c751e8b465ee728b)  -> (artifact id: '771d608ba834728c48b506552a276ec2') in 0.109073 seconds 
  Import took 0.116273 seconds .

========================================================================
Received Import Request.
  Time since last request: 0.000206 seconds.
  path: Assets/Prefab/BallEnergy.vfx
  artifactKey: Guid(5a92f02fda399934181fbbc8db68d0a3) Importer(815301076,1909f56bfc062723c751e8b465ee728b)
Start importing Assets/Prefab/BallEnergy.vfx using Guid(5a92f02fda399934181fbbc8db68d0a3) Importer(815301076,1909f56bfc062723c751e8b465ee728b)  -> (artifact id: 'ce407c8d161ba7c5acf0000adc8742ce') in 0.011886 seconds 
  Import took 0.025453 seconds .

========================================================================
Received Import Request.
  Time since last request: 93.801988 seconds.
  path: Assets/Prefab/BallEnergy.vfx
  artifactKey: Guid(5a92f02fda399934181fbbc8db68d0a3) Importer(815301076,1909f56bfc062723c751e8b465ee728b)
Start importing Assets/Prefab/BallEnergy.vfx using Guid(5a92f02fda399934181fbbc8db68d0a3) Importer(815301076,1909f56bfc062723c751e8b465ee728b)  -> (artifact id: '370bd08a570c439bc9026cccef878bc3') in 0.006352 seconds 
  Import took 0.013895 seconds .

========================================================================
Received Import Request.
  Time since last request: 3.567326 seconds.
  path: Assets/Prefab/BallEnergy.vfx
  artifactKey: Guid(5a92f02fda399934181fbbc8db68d0a3) Importer(815301076,1909f56bfc062723c751e8b465ee728b)
Start importing Assets/Prefab/BallEnergy.vfx using Guid(5a92f02fda399934181fbbc8db68d0a3) Importer(815301076,1909f56bfc062723c751e8b465ee728b)  -> (artifact id: '97250620a053535b8d69cd53413b8369') in 0.006212 seconds 
  Import took 0.012684 seconds .

========================================================================
Received Import Request.
  Time since last request: 44.441782 seconds.
  path: Assets/Prefab/BallEnergy.vfx
  artifactKey: Guid(5a92f02fda399934181fbbc8db68d0a3) Importer(815301076,1909f56bfc062723c751e8b465ee728b)
Start importing Assets/Prefab/BallEnergy.vfx using Guid(5a92f02fda399934181fbbc8db68d0a3) Importer(815301076,1909f56bfc062723c751e8b465ee728b)  -> (artifact id: '14aad2a7816dec834ec5d33a2868d7cf') in 0.006825 seconds 
  Import took 0.019533 seconds .

========================================================================
Received Import Request.
  Time since last request: 8.442303 seconds.
  path: Assets/Prefab/BallEnergy.vfx
  artifactKey: Guid(5a92f02fda399934181fbbc8db68d0a3) Importer(815301076,1909f56bfc062723c751e8b465ee728b)
Start importing Assets/Prefab/BallEnergy.vfx using Guid(5a92f02fda399934181fbbc8db68d0a3) Importer(815301076,1909f56bfc062723c751e8b465ee728b)  -> (artifact id: 'ec2eafcad7188819328f8de345494bd9') in 0.057572 seconds 
  Import took 0.076339 seconds .

========================================================================
Received Import Request.
  Time since last request: 53.023868 seconds.
  path: Assets/Prefab/BallEnergy.vfx
  artifactKey: Guid(5a92f02fda399934181fbbc8db68d0a3) Importer(815301076,1909f56bfc062723c751e8b465ee728b)
Start importing Assets/Prefab/BallEnergy.vfx using Guid(5a92f02fda399934181fbbc8db68d0a3) Importer(815301076,1909f56bfc062723c751e8b465ee728b)  -> (artifact id: '963d2a832d1f6a2acf4bdfdd8e12bbf7') in 0.005371 seconds 
  Import took 0.011392 seconds .

========================================================================
Received Import Request.
  Time since last request: 8.840961 seconds.
  path: Assets/Prefab/BallEnergy.vfx
  artifactKey: Guid(5a92f02fda399934181fbbc8db68d0a3) Importer(815301076,1909f56bfc062723c751e8b465ee728b)
Start importing Assets/Prefab/BallEnergy.vfx using Guid(5a92f02fda399934181fbbc8db68d0a3) Importer(815301076,1909f56bfc062723c751e8b465ee728b)  -> (artifact id: 'd1cdabc80ccf21764b0e2ba8554e46eb') in 0.006079 seconds 
  Import took 0.030122 seconds .

========================================================================
Received Import Request.
  Time since last request: 22.571702 seconds.
  path: Assets/Prefab/BallEnergy.vfx
  artifactKey: Guid(5a92f02fda399934181fbbc8db68d0a3) Importer(815301076,1909f56bfc062723c751e8b465ee728b)
Start importing Assets/Prefab/BallEnergy.vfx using Guid(5a92f02fda399934181fbbc8db68d0a3) Importer(815301076,1909f56bfc062723c751e8b465ee728b)  -> (artifact id: '3c190ab76f25597df8d75a5d745da5aa') in 0.005738 seconds 
  Import took 0.013236 seconds .

========================================================================
Received Import Request.
  Time since last request: 8.069672 seconds.
  path: Assets/Prefab/BallEnergy.vfx
  artifactKey: Guid(5a92f02fda399934181fbbc8db68d0a3) Importer(815301076,1909f56bfc062723c751e8b465ee728b)
Start importing Assets/Prefab/BallEnergy.vfx using Guid(5a92f02fda399934181fbbc8db68d0a3) Importer(815301076,1909f56bfc062723c751e8b465ee728b)  -> (artifact id: 'cc8a7698a259c4c1a8322b90c139abcd') in 0.006510 seconds 
  Import took 0.013072 seconds .

========================================================================
Received Import Request.
  Time since last request: 1.497580 seconds.
  path: Assets/Prefab/BallEnergy.vfx
  artifactKey: Guid(5a92f02fda399934181fbbc8db68d0a3) Importer(815301076,1909f56bfc062723c751e8b465ee728b)
Start importing Assets/Prefab/BallEnergy.vfx using Guid(5a92f02fda399934181fbbc8db68d0a3) Importer(815301076,1909f56bfc062723c751e8b465ee728b)  -> (artifact id: '70d4e7431901f7d42766a906b222720d') in 0.007681 seconds 
  Import took 0.021994 seconds .

========================================================================
Received Import Request.
  Time since last request: 15.491571 seconds.
  path: Assets/Prefab/BallEnergy.vfx
  artifactKey: Guid(5a92f02fda399934181fbbc8db68d0a3) Importer(815301076,1909f56bfc062723c751e8b465ee728b)
Start importing Assets/Prefab/BallEnergy.vfx using Guid(5a92f02fda399934181fbbc8db68d0a3) Importer(815301076,1909f56bfc062723c751e8b465ee728b)  -> (artifact id: '44ff1e1bdcb84f6f970eeaa38e5bb0ff') in 0.006566 seconds 
  Import took 0.014859 seconds .

========================================================================
Received Import Request.
  Time since last request: 3.434525 seconds.
  path: Assets/Prefab/BallEnergy.vfx
  artifactKey: Guid(5a92f02fda399934181fbbc8db68d0a3) Importer(815301076,1909f56bfc062723c751e8b465ee728b)
Start importing Assets/Prefab/BallEnergy.vfx using Guid(5a92f02fda399934181fbbc8db68d0a3) Importer(815301076,1909f56bfc062723c751e8b465ee728b)  -> (artifact id: '879fd2c922118cc6cd11b9222cac8101') in 0.006709 seconds 
  Import took 0.015789 seconds .

========================================================================
Received Import Request.
  Time since last request: 5.885418 seconds.
  path: Assets/Prefab/BallEnergy.vfx
  artifactKey: Guid(5a92f02fda399934181fbbc8db68d0a3) Importer(815301076,1909f56bfc062723c751e8b465ee728b)
Start importing Assets/Prefab/BallEnergy.vfx using Guid(5a92f02fda399934181fbbc8db68d0a3) Importer(815301076,1909f56bfc062723c751e8b465ee728b)  -> (artifact id: 'f1465b8769d615f6ea492a2826e978ab') in 0.006279 seconds 
  Import took 0.016730 seconds .

========================================================================
Received Import Request.
  Time since last request: 5.304344 seconds.
  path: Assets/Prefab/BallEnergy.vfx
  artifactKey: Guid(5a92f02fda399934181fbbc8db68d0a3) Importer(815301076,1909f56bfc062723c751e8b465ee728b)
Start importing Assets/Prefab/BallEnergy.vfx using Guid(5a92f02fda399934181fbbc8db68d0a3) Importer(815301076,1909f56bfc062723c751e8b465ee728b)  -> (artifact id: 'fd659ff55f734729bf0678ec67d347ae') in 0.009025 seconds 
  Import took 0.032589 seconds .

========================================================================
Received Import Request.
  Time since last request: 6.383132 seconds.
  path: Assets/Prefab/BallEnergy.vfx
  artifactKey: Guid(5a92f02fda399934181fbbc8db68d0a3) Importer(815301076,1909f56bfc062723c751e8b465ee728b)
Start importing Assets/Prefab/BallEnergy.vfx using Guid(5a92f02fda399934181fbbc8db68d0a3) Importer(815301076,1909f56bfc062723c751e8b465ee728b)  -> (artifact id: 'd0a93f547e4fa96e0f473c546ace96d2') in 0.007565 seconds 
  Import took 0.015465 seconds .

========================================================================
Received Import Request.
  Time since last request: 67.339367 seconds.
  path: Assets/Prefab/BallEnergy.vfx
  artifactKey: Guid(5a92f02fda399934181fbbc8db68d0a3) Importer(815301076,1909f56bfc062723c751e8b465ee728b)
Start importing Assets/Prefab/BallEnergy.vfx using Guid(5a92f02fda399934181fbbc8db68d0a3) Importer(815301076,1909f56bfc062723c751e8b465ee728b)  -> (artifact id: '47e2570d8b44ce8acd87cf03e0012976') in 0.006390 seconds 
  Import took 0.031134 seconds .

========================================================================
Received Import Request.
  Time since last request: 89.931039 seconds.
  path: Assets/Prefab/BallEnergy.vfx
  artifactKey: Guid(5a92f02fda399934181fbbc8db68d0a3) Importer(815301076,1909f56bfc062723c751e8b465ee728b)
Start importing Assets/Prefab/BallEnergy.vfx using Guid(5a92f02fda399934181fbbc8db68d0a3) Importer(815301076,1909f56bfc062723c751e8b465ee728b)  -> (artifact id: 'd1395525ed87a8cdbb2b7e205ec7da57') in 0.006646 seconds 
  Import took 0.014486 seconds .

========================================================================
Received Import Request.
  Time since last request: 5.851165 seconds.
  path: Assets/Prefab/BallEnergy.vfx
  artifactKey: Guid(5a92f02fda399934181fbbc8db68d0a3) Importer(815301076,1909f56bfc062723c751e8b465ee728b)
Start importing Assets/Prefab/BallEnergy.vfx using Guid(5a92f02fda399934181fbbc8db68d0a3) Importer(815301076,1909f56bfc062723c751e8b465ee728b)  -> (artifact id: '016ff491bb9da8ec579425243216fa47') in 0.004973 seconds 
  Import took 0.013009 seconds .

========================================================================
Received Import Request.
  Time since last request: 3.421591 seconds.
  path: Assets/Prefab/BallEnergy.vfx
  artifactKey: Guid(5a92f02fda399934181fbbc8db68d0a3) Importer(815301076,1909f56bfc062723c751e8b465ee728b)
Start importing Assets/Prefab/BallEnergy.vfx using Guid(5a92f02fda399934181fbbc8db68d0a3) Importer(815301076,1909f56bfc062723c751e8b465ee728b)  -> (artifact id: 'bfd3b0d7fa2f3891f05c9834b2f5f150') in 0.005260 seconds 
  Import took 0.011639 seconds .

========================================================================
Received Import Request.
  Time since last request: 48.942623 seconds.
  path: Assets/Prefab/BallEnergy.vfx
  artifactKey: Guid(5a92f02fda399934181fbbc8db68d0a3) Importer(815301076,1909f56bfc062723c751e8b465ee728b)
Start importing Assets/Prefab/BallEnergy.vfx using Guid(5a92f02fda399934181fbbc8db68d0a3) Importer(815301076,1909f56bfc062723c751e8b465ee728b)  -> (artifact id: '489b08853fc8a203f1d66fffe0d63baa') in 0.006628 seconds 
  Import took 0.014238 seconds .

========================================================================
Received Import Request.
  Time since last request: 18.237073 seconds.
  path: Assets/Prefab/BallEnergy.vfx
  artifactKey: Guid(5a92f02fda399934181fbbc8db68d0a3) Importer(815301076,1909f56bfc062723c751e8b465ee728b)
Start importing Assets/Prefab/BallEnergy.vfx using Guid(5a92f02fda399934181fbbc8db68d0a3) Importer(815301076,1909f56bfc062723c751e8b465ee728b)  -> (artifact id: 'cf9c172fedbe8dc6e5503727d6ba939a') in 0.007127 seconds 
  Import took 0.021922 seconds .

========================================================================
Received Import Request.
  Time since last request: 12.378659 seconds.
  path: Assets/Prefab/BallEnergy.vfx
  artifactKey: Guid(5a92f02fda399934181fbbc8db68d0a3) Importer(815301076,1909f56bfc062723c751e8b465ee728b)
Start importing Assets/Prefab/BallEnergy.vfx using Guid(5a92f02fda399934181fbbc8db68d0a3) Importer(815301076,1909f56bfc062723c751e8b465ee728b)  -> (artifact id: '314da3b9d1e7946480dcb83f511733d5') in 0.006386 seconds 
  Import took 0.012581 seconds .

========================================================================
Received Import Request.
  Time since last request: 55.116969 seconds.
  path: Assets/Prefab/BallEnergy.vfx
  artifactKey: Guid(5a92f02fda399934181fbbc8db68d0a3) Importer(815301076,1909f56bfc062723c751e8b465ee728b)
Start importing Assets/Prefab/BallEnergy.vfx using Guid(5a92f02fda399934181fbbc8db68d0a3) Importer(815301076,1909f56bfc062723c751e8b465ee728b)  -> (artifact id: 'a68286660f2b7b71ae061a83030589db') in 0.006570 seconds 
  Import took 0.012657 seconds .

========================================================================
Received Import Request.
  Time since last request: 3.724259 seconds.
  path: Assets/Prefab/BallEnergy.vfx
  artifactKey: Guid(5a92f02fda399934181fbbc8db68d0a3) Importer(815301076,1909f56bfc062723c751e8b465ee728b)
Start importing Assets/Prefab/BallEnergy.vfx using Guid(5a92f02fda399934181fbbc8db68d0a3) Importer(815301076,1909f56bfc062723c751e8b465ee728b)  -> (artifact id: 'a25a53c295965db6c862d012923f396c') in 0.004505 seconds 
  Import took 0.010742 seconds .

========================================================================
Received Import Request.
  Time since last request: 21.693883 seconds.
  path: Assets/Prefab/BallEnergy.vfx
  artifactKey: Guid(5a92f02fda399934181fbbc8db68d0a3) Importer(815301076,1909f56bfc062723c751e8b465ee728b)
Start importing Assets/Prefab/BallEnergy.vfx using Guid(5a92f02fda399934181fbbc8db68d0a3) Importer(815301076,1909f56bfc062723c751e8b465ee728b)  -> (artifact id: '3a991e2286b5285dc6d1d2218c341bb1') in 0.005648 seconds 
  Import took 0.011912 seconds .

========================================================================
Received Import Request.
  Time since last request: 38.932686 seconds.
  path: Assets/Prefab/BallEnergy.vfx
  artifactKey: Guid(5a92f02fda399934181fbbc8db68d0a3) Importer(815301076,1909f56bfc062723c751e8b465ee728b)
Start importing Assets/Prefab/BallEnergy.vfx using Guid(5a92f02fda399934181fbbc8db68d0a3) Importer(815301076,1909f56bfc062723c751e8b465ee728b)  -> (artifact id: '45216ab8e4874bd9eda77ba654169256') in 0.005526 seconds 
  Import took 0.011679 seconds .

========================================================================
Received Import Request.
  Time since last request: 46.306892 seconds.
  path: Assets/Prefab/BallEnergy.vfx
  artifactKey: Guid(5a92f02fda399934181fbbc8db68d0a3) Importer(815301076,1909f56bfc062723c751e8b465ee728b)
Start importing Assets/Prefab/BallEnergy.vfx using Guid(5a92f02fda399934181fbbc8db68d0a3) Importer(815301076,1909f56bfc062723c751e8b465ee728b)  -> (artifact id: '0d43aadfda9540cc7fa2b34fa51bd8e6') in 0.008237 seconds 
  Import took 0.014977 seconds .

========================================================================
Received Import Request.
  Time since last request: 36.436412 seconds.
  path: Assets/Prefab/BallEnergy.vfx
  artifactKey: Guid(5a92f02fda399934181fbbc8db68d0a3) Importer(815301076,1909f56bfc062723c751e8b465ee728b)
Start importing Assets/Prefab/BallEnergy.vfx using Guid(5a92f02fda399934181fbbc8db68d0a3) Importer(815301076,1909f56bfc062723c751e8b465ee728b)  -> (artifact id: '76626763c13a4fb8936ff8333c1c21dd') in 0.049721 seconds 
  Import took 0.073977 seconds .

========================================================================
Received Import Request.
  Time since last request: 23.182124 seconds.
  path: Assets/Prefab/BallEnergy.vfx
  artifactKey: Guid(5a92f02fda399934181fbbc8db68d0a3) Importer(815301076,1909f56bfc062723c751e8b465ee728b)
Start importing Assets/Prefab/BallEnergy.vfx using Guid(5a92f02fda399934181fbbc8db68d0a3) Importer(815301076,1909f56bfc062723c751e8b465ee728b)  -> (artifact id: 'ad1c8d39ac3a8a4c88140d369e845aa9') in 0.006520 seconds 
  Import took 0.017753 seconds .

========================================================================
Received Import Request.
  Time since last request: 36.185650 seconds.
  path: Assets/Prefab/BallEnergy.vfx
  artifactKey: Guid(5a92f02fda399934181fbbc8db68d0a3) Importer(815301076,1909f56bfc062723c751e8b465ee728b)
Start importing Assets/Prefab/BallEnergy.vfx using Guid(5a92f02fda399934181fbbc8db68d0a3) Importer(815301076,1909f56bfc062723c751e8b465ee728b)  -> (artifact id: '260815ed3196b1c489fb97e35f36eba5') in 0.034416 seconds 
  Import took 0.049862 seconds .

========================================================================
Received Import Request.
  Time since last request: 8.418768 seconds.
  path: Assets/Prefab/BallEnergy.vfx
  artifactKey: Guid(5a92f02fda399934181fbbc8db68d0a3) Importer(815301076,1909f56bfc062723c751e8b465ee728b)
Start importing Assets/Prefab/BallEnergy.vfx using Guid(5a92f02fda399934181fbbc8db68d0a3) Importer(815301076,1909f56bfc062723c751e8b465ee728b)  -> (artifact id: 'b5334c79e7b938b9960f19d5a0f7b8a0') in 0.053784 seconds 
  Import took 0.063177 seconds .

========================================================================
Received Import Request.
  Time since last request: 8.778763 seconds.
  path: Assets/Prefab/BallEnergy.vfx
  artifactKey: Guid(5a92f02fda399934181fbbc8db68d0a3) Importer(815301076,1909f56bfc062723c751e8b465ee728b)
Start importing Assets/Prefab/BallEnergy.vfx using Guid(5a92f02fda399934181fbbc8db68d0a3) Importer(815301076,1909f56bfc062723c751e8b465ee728b)  -> (artifact id: 'a51982b7bebbcd7a7a5d7a39f27f5b21') in 0.052791 seconds 
  Import took 0.073599 seconds .

========================================================================
Received Import Request.
  Time since last request: 91.660823 seconds.
  path: Assets/Prefab/BallEnergy.vfx
  artifactKey: Guid(5a92f02fda399934181fbbc8db68d0a3) Importer(815301076,1909f56bfc062723c751e8b465ee728b)
Start importing Assets/Prefab/BallEnergy.vfx using Guid(5a92f02fda399934181fbbc8db68d0a3) Importer(815301076,1909f56bfc062723c751e8b465ee728b)  -> (artifact id: '6343872c28c2663fbdda62f5b39854e9') in 0.058062 seconds 
  Import took 0.065969 seconds .

========================================================================
Received Import Request.
  Time since last request: 7.499821 seconds.
  path: Assets/Prefab/BallEnergy.vfx
  artifactKey: Guid(5a92f02fda399934181fbbc8db68d0a3) Importer(815301076,1909f56bfc062723c751e8b465ee728b)
Start importing Assets/Prefab/BallEnergy.vfx using Guid(5a92f02fda399934181fbbc8db68d0a3) Importer(815301076,1909f56bfc062723c751e8b465ee728b)  -> (artifact id: '4bb41c2a8e0a14ed0b228414b95bacab') in 0.066194 seconds 
  Import took 0.074279 seconds .

========================================================================
Received Import Request.
  Time since last request: 58.402106 seconds.
  path: Assets/Prefab/BallEnergy.vfx
  artifactKey: Guid(5a92f02fda399934181fbbc8db68d0a3) Importer(815301076,1909f56bfc062723c751e8b465ee728b)
Start importing Assets/Prefab/BallEnergy.vfx using Guid(5a92f02fda399934181fbbc8db68d0a3) Importer(815301076,1909f56bfc062723c751e8b465ee728b)  -> (artifact id: '6061dbfa62353147f428b8ce40d628c3') in 0.006722 seconds 
  Import took 0.013124 seconds .

========================================================================
Received Import Request.
  Time since last request: 17.603308 seconds.
  path: Assets/Prefab/BallEnergy.vfx
  artifactKey: Guid(5a92f02fda399934181fbbc8db68d0a3) Importer(815301076,1909f56bfc062723c751e8b465ee728b)
Start importing Assets/Prefab/BallEnergy.vfx using Guid(5a92f02fda399934181fbbc8db68d0a3) Importer(815301076,1909f56bfc062723c751e8b465ee728b)  -> (artifact id: '5ed4463e931fa3a112ad3397e681826b') in 0.006956 seconds 
  Import took 0.031302 seconds .

========================================================================
Received Import Request.
  Time since last request: 31.233318 seconds.
  path: Assets/Prefab/BallEnergy.vfx
  artifactKey: Guid(5a92f02fda399934181fbbc8db68d0a3) Importer(815301076,1909f56bfc062723c751e8b465ee728b)
Start importing Assets/Prefab/BallEnergy.vfx using Guid(5a92f02fda399934181fbbc8db68d0a3) Importer(815301076,1909f56bfc062723c751e8b465ee728b)  -> (artifact id: '3fed1b24874dce919192b01ecc9598dd') in 0.010885 seconds 
  Import took 0.017221 seconds .

========================================================================
Received Import Request.
  Time since last request: 6.971658 seconds.
  path: Assets/Prefab/BallEnergy.vfx
  artifactKey: Guid(5a92f02fda399934181fbbc8db68d0a3) Importer(815301076,1909f56bfc062723c751e8b465ee728b)
Start importing Assets/Prefab/BallEnergy.vfx using Guid(5a92f02fda399934181fbbc8db68d0a3) Importer(815301076,1909f56bfc062723c751e8b465ee728b)  -> (artifact id: 'a63e536c9b4415bb30430875272f718a') in 0.051487 seconds 
  Import took 0.067101 seconds .

========================================================================
Received Import Request.
  Time since last request: 33.860985 seconds.
  path: Assets/Prefab/BallEnergy.vfx
  artifactKey: Guid(5a92f02fda399934181fbbc8db68d0a3) Importer(815301076,1909f56bfc062723c751e8b465ee728b)
Start importing Assets/Prefab/BallEnergy.vfx using Guid(5a92f02fda399934181fbbc8db68d0a3) Importer(815301076,1909f56bfc062723c751e8b465ee728b)  -> (artifact id: '87c4be9de0e0be9cc279667cc8c99d83') in 0.052168 seconds 
  Import took 0.067213 seconds .

========================================================================
Received Import Request.
  Time since last request: 17.409687 seconds.
  path: Assets/Prefab/BallEnergy.vfx
  artifactKey: Guid(5a92f02fda399934181fbbc8db68d0a3) Importer(815301076,1909f56bfc062723c751e8b465ee728b)
Start importing Assets/Prefab/BallEnergy.vfx using Guid(5a92f02fda399934181fbbc8db68d0a3) Importer(815301076,1909f56bfc062723c751e8b465ee728b)  -> (artifact id: '12d1bf4442acb4e67ad5fc9742a99d45') in 0.006107 seconds 
  Import took 0.013047 seconds .

========================================================================
Received Import Request.
  Time since last request: 25.375519 seconds.
  path: Assets/Prefab/BallEnergy.vfx
  artifactKey: Guid(5a92f02fda399934181fbbc8db68d0a3) Importer(815301076,1909f56bfc062723c751e8b465ee728b)
Start importing Assets/Prefab/BallEnergy.vfx using Guid(5a92f02fda399934181fbbc8db68d0a3) Importer(815301076,1909f56bfc062723c751e8b465ee728b)  -> (artifact id: 'bb226ed13e2f57cbfe3cb2f90c80a032') in 0.006088 seconds 
  Import took 0.012183 seconds .

========================================================================
Received Import Request.
  Time since last request: 28.398842 seconds.
  path: Assets/Prefab/BallEnergy.vfx
  artifactKey: Guid(5a92f02fda399934181fbbc8db68d0a3) Importer(815301076,1909f56bfc062723c751e8b465ee728b)
Start importing Assets/Prefab/BallEnergy.vfx using Guid(5a92f02fda399934181fbbc8db68d0a3) Importer(815301076,1909f56bfc062723c751e8b465ee728b)  -> (artifact id: '6bd765109942fc05f10d31914608e560') in 0.035257 seconds 
  Import took 0.050851 seconds .

========================================================================
Received Import Request.
  Time since last request: 5.067916 seconds.
  path: Assets/Prefab/BallEnergy.vfx
  artifactKey: Guid(5a92f02fda399934181fbbc8db68d0a3) Importer(815301076,1909f56bfc062723c751e8b465ee728b)
Start importing Assets/Prefab/BallEnergy.vfx using Guid(5a92f02fda399934181fbbc8db68d0a3) Importer(815301076,1909f56bfc062723c751e8b465ee728b)  -> (artifact id: '3997065094dcec8ea2d4ac3655df9845') in 0.006438 seconds 
  Import took 0.013362 seconds .

========================================================================
Received Import Request.
  Time since last request: 57.598759 seconds.
  path: Assets/Prefab/BallEnergy.vfx
  artifactKey: Guid(5a92f02fda399934181fbbc8db68d0a3) Importer(815301076,1909f56bfc062723c751e8b465ee728b)
Start importing Assets/Prefab/BallEnergy.vfx using Guid(5a92f02fda399934181fbbc8db68d0a3) Importer(815301076,1909f56bfc062723c751e8b465ee728b)  -> (artifact id: 'c5695039734656bd46598c3495e10d8d') in 0.018391 seconds 
  Import took 0.034665 seconds .

========================================================================
Received Import Request.
  Time since last request: 3.812233 seconds.
  path: Assets/Prefab/BallEnergy.vfx
  artifactKey: Guid(5a92f02fda399934181fbbc8db68d0a3) Importer(815301076,1909f56bfc062723c751e8b465ee728b)
Start importing Assets/Prefab/BallEnergy.vfx using Guid(5a92f02fda399934181fbbc8db68d0a3) Importer(815301076,1909f56bfc062723c751e8b465ee728b)  -> (artifact id: '7b0a799501002ee7f55ab389c8ae863e') in 0.006844 seconds 
  Import took 0.016820 seconds .

========================================================================
Received Import Request.
  Time since last request: 3.835516 seconds.
  path: Assets/FantasyCharactersDwarf-Free/Textures/Dwarf Berserker Nomal Map.png
  artifactKey: Guid(eecb7775ba50d5946a3c10f638a78c5a) Importer(815301076,1909f56bfc062723c751e8b465ee728b)
Start importing Assets/FantasyCharactersDwarf-Free/Textures/Dwarf Berserker Nomal Map.png using Guid(eecb7775ba50d5946a3c10f638a78c5a) Importer(815301076,1909f56bfc062723c751e8b465ee728b)  -> (artifact id: 'ed78e69783473d743a24b3abceabe699') in 0.232937 seconds 
  Import took 0.238927 seconds .

========================================================================
Received Import Request.
  Time since last request: 1.386061 seconds.
  path: Assets/FantasyCharactersDwarf-Free/Textures/Dwarf Berserker Texture.png
  artifactKey: Guid(7cff889737981584bb8dcbdcfec5aa72) Importer(815301076,1909f56bfc062723c751e8b465ee728b)
Start importing Assets/FantasyCharactersDwarf-Free/Textures/Dwarf Berserker Texture.png using Guid(7cff889737981584bb8dcbdcfec5aa72) Importer(815301076,1909f56bfc062723c751e8b465ee728b)  -> (artifact id: '1bd5e3cc0ee9f232d3016cc507aae1c3') in 0.081390 seconds 
  Import took 0.091558 seconds .

========================================================================
Received Import Request.
  Time since last request: 0.000177 seconds.
  path: Assets/FantasyCharactersDwarf-Free/Textures/Dwarf Master Texture.png
  artifactKey: Guid(524df8f70f5fc3c4c959619c8bdc250b) Importer(815301076,1909f56bfc062723c751e8b465ee728b)
Start importing Assets/FantasyCharactersDwarf-Free/Textures/Dwarf Master Texture.png using Guid(524df8f70f5fc3c4c959619c8bdc250b) Importer(815301076,1909f56bfc062723c751e8b465ee728b)  -> (artifact id: '0f026425337d40ee5f53b284a3f41308') in 0.064697 seconds 
  Import took 0.073290 seconds .

========================================================================
Received Import Request.
  Time since last request: 0.000169 seconds.
  path: Assets/FantasyCharactersDwarf-Free/Textures/Dwarf Master Nomal Map.png
  artifactKey: Guid(0fd5c2b4bd2efee468dc3abf38a09d9a) Importer(815301076,1909f56bfc062723c751e8b465ee728b)
Start importing Assets/FantasyCharactersDwarf-Free/Textures/Dwarf Master Nomal Map.png using Guid(0fd5c2b4bd2efee468dc3abf38a09d9a) Importer(815301076,1909f56bfc062723c751e8b465ee728b)  -> (artifact id: '7acaf50fba68ba1a22ec1c8b390d669a') in 0.070759 seconds 
  Import took 0.079025 seconds .

========================================================================
Received Import Request.
  Time since last request: 1.526353 seconds.
  path: Assets/Mesh/BonusLevel/FakeWood_Normal.png
  artifactKey: Guid(dee8f7e9cd87f1b49b71d153fbf73398) Importer(815301076,1909f56bfc062723c751e8b465ee728b)
Start importing Assets/Mesh/BonusLevel/FakeWood_Normal.png using Guid(dee8f7e9cd87f1b49b71d153fbf73398) Importer(815301076,1909f56bfc062723c751e8b465ee728b)  -> (artifact id: '52db28c626b396754c11acbfcd595445') in 0.125050 seconds 
  Import took 0.133072 seconds .

========================================================================
Received Import Request.
  Time since last request: 47.203630 seconds.
  path: Assets/Prefab/BallEnergy.vfx
  artifactKey: Guid(5a92f02fda399934181fbbc8db68d0a3) Importer(815301076,1909f56bfc062723c751e8b465ee728b)
Start importing Assets/Prefab/BallEnergy.vfx using Guid(5a92f02fda399934181fbbc8db68d0a3) Importer(815301076,1909f56bfc062723c751e8b465ee728b)  -> (artifact id: '2ca4ff396d85e5de5865f41995443098') in 0.005163 seconds 
  Import took 0.011873 seconds .

========================================================================
Received Import Request.
  Time since last request: 12.182325 seconds.
  path: Assets/Prefab/BallEnergy.vfx
  artifactKey: Guid(5a92f02fda399934181fbbc8db68d0a3) Importer(815301076,1909f56bfc062723c751e8b465ee728b)
Start importing Assets/Prefab/BallEnergy.vfx using Guid(5a92f02fda399934181fbbc8db68d0a3) Importer(815301076,1909f56bfc062723c751e8b465ee728b)  -> (artifact id: '831a4543bb4c27d4bbe87d4011804105') in 0.006059 seconds 
  Import took 0.014145 seconds .

========================================================================
Received Import Request.
  Time since last request: 19.505685 seconds.
  path: Assets/Prefab/BallEnergy.vfx
  artifactKey: Guid(5a92f02fda399934181fbbc8db68d0a3) Importer(815301076,1909f56bfc062723c751e8b465ee728b)
Start importing Assets/Prefab/BallEnergy.vfx using Guid(5a92f02fda399934181fbbc8db68d0a3) Importer(815301076,1909f56bfc062723c751e8b465ee728b)  -> (artifact id: '7d8f2de8a3b6e968a09b564d408ccec5') in 0.026673 seconds 
  Import took 0.038315 seconds .

========================================================================
Received Import Request.
  Time since last request: 141.549683 seconds.
  path: Assets/Prefab/BallEnergy.vfx
  artifactKey: Guid(5a92f02fda399934181fbbc8db68d0a3) Importer(815301076,1909f56bfc062723c751e8b465ee728b)
Start importing Assets/Prefab/BallEnergy.vfx using Guid(5a92f02fda399934181fbbc8db68d0a3) Importer(815301076,1909f56bfc062723c751e8b465ee728b)  -> (artifact id: 'e479d263d594bae056c9662d2533b446') in 0.005615 seconds 
  Import took 0.011842 seconds .

========================================================================
Received Import Request.
  Time since last request: 24.539496 seconds.
  path: Assets/Prefab/BallEnergy.vfx
  artifactKey: Guid(5a92f02fda399934181fbbc8db68d0a3) Importer(815301076,1909f56bfc062723c751e8b465ee728b)
Start importing Assets/Prefab/BallEnergy.vfx using Guid(5a92f02fda399934181fbbc8db68d0a3) Importer(815301076,1909f56bfc062723c751e8b465ee728b)  -> (artifact id: '1171b33eb2242aec6bd61972af592024') in 0.006609 seconds 
  Import took 0.014508 seconds .

========================================================================
Received Import Request.
  Time since last request: 17.476432 seconds.
  path: Assets/Prefab/BallEnergy.vfx
  artifactKey: Guid(5a92f02fda399934181fbbc8db68d0a3) Importer(815301076,1909f56bfc062723c751e8b465ee728b)
Start importing Assets/Prefab/BallEnergy.vfx using Guid(5a92f02fda399934181fbbc8db68d0a3) Importer(815301076,1909f56bfc062723c751e8b465ee728b)  -> (artifact id: '089a7b85a70685309ae11863d8ae7615') in 0.024623 seconds 
  Import took 0.049287 seconds .

========================================================================
Received Import Request.
  Time since last request: 34.156780 seconds.
  path: Assets/Prefab/BallEnergy.vfx
  artifactKey: Guid(5a92f02fda399934181fbbc8db68d0a3) Importer(815301076,1909f56bfc062723c751e8b465ee728b)
Start importing Assets/Prefab/BallEnergy.vfx using Guid(5a92f02fda399934181fbbc8db68d0a3) Importer(815301076,1909f56bfc062723c751e8b465ee728b)  -> (artifact id: '9fe2a8702bde5fa67e0fa5d26b51ddb4') in 0.005263 seconds 
  Import took 0.012330 seconds .

========================================================================
Received Import Request.
  Time since last request: 47.243426 seconds.
  path: Assets/Prefab/BallEnergy.vfx
  artifactKey: Guid(5a92f02fda399934181fbbc8db68d0a3) Importer(815301076,1909f56bfc062723c751e8b465ee728b)
Start importing Assets/Prefab/BallEnergy.vfx using Guid(5a92f02fda399934181fbbc8db68d0a3) Importer(815301076,1909f56bfc062723c751e8b465ee728b)  -> (artifact id: 'a8739834483acb1735f5e0bd3d73bf28') in 0.032749 seconds 
  Import took 0.048974 seconds .

========================================================================
Received Import Request.
  Time since last request: 8.504509 seconds.
  path: Assets/Prefab/BallEnergy.vfx
  artifactKey: Guid(5a92f02fda399934181fbbc8db68d0a3) Importer(815301076,1909f56bfc062723c751e8b465ee728b)
Start importing Assets/Prefab/BallEnergy.vfx using Guid(5a92f02fda399934181fbbc8db68d0a3) Importer(815301076,1909f56bfc062723c751e8b465ee728b)  -> (artifact id: '357216d2c3a6ed778f23a2db28c7e9a4') in 0.005870 seconds 
  Import took 0.012834 seconds .

========================================================================
Received Import Request.
  Time since last request: 10.496121 seconds.
  path: Assets/Prefab/BallEnergy.vfx
  artifactKey: Guid(5a92f02fda399934181fbbc8db68d0a3) Importer(815301076,1909f56bfc062723c751e8b465ee728b)
Start importing Assets/Prefab/BallEnergy.vfx using Guid(5a92f02fda399934181fbbc8db68d0a3) Importer(815301076,1909f56bfc062723c751e8b465ee728b)  -> (artifact id: '90cae0e1f663f3436b1c6faa90dbb211') in 0.005481 seconds 
  Import took 0.011907 seconds .

========================================================================
Received Import Request.
  Time since last request: 5.220618 seconds.
  path: Assets/Prefab/BallEnergy.vfx
  artifactKey: Guid(5a92f02fda399934181fbbc8db68d0a3) Importer(815301076,1909f56bfc062723c751e8b465ee728b)
Start importing Assets/Prefab/BallEnergy.vfx using Guid(5a92f02fda399934181fbbc8db68d0a3) Importer(815301076,1909f56bfc062723c751e8b465ee728b)  -> (artifact id: 'e0a38dbc88fe02a42d0c70437925d0a6') in 0.005320 seconds 
  Import took 0.011550 seconds .

========================================================================
Received Import Request.
  Time since last request: 42.781098 seconds.
  path: Assets/Prefab/BallEnergy.vfx
  artifactKey: Guid(5a92f02fda399934181fbbc8db68d0a3) Importer(815301076,1909f56bfc062723c751e8b465ee728b)
Start importing Assets/Prefab/BallEnergy.vfx using Guid(5a92f02fda399934181fbbc8db68d0a3) Importer(815301076,1909f56bfc062723c751e8b465ee728b)  -> (artifact id: '1c76e1dee0ccfb827c8d79f2f77e3e0a') in 0.020345 seconds 
  Import took 0.033735 seconds .

========================================================================
Received Import Request.
  Time since last request: 4.632564 seconds.
  path: Assets/Prefab/BallEnergy.vfx
  artifactKey: Guid(5a92f02fda399934181fbbc8db68d0a3) Importer(815301076,1909f56bfc062723c751e8b465ee728b)
Start importing Assets/Prefab/BallEnergy.vfx using Guid(5a92f02fda399934181fbbc8db68d0a3) Importer(815301076,1909f56bfc062723c751e8b465ee728b)  -> (artifact id: '22ebf089a5b4006ad44a88eee6a3d56c') in 0.028100 seconds 
  Import took 0.044326 seconds .

========================================================================
Received Import Request.
  Time since last request: 20.486547 seconds.
  path: Assets/Prefab/BallEnergy.vfx
  artifactKey: Guid(5a92f02fda399934181fbbc8db68d0a3) Importer(815301076,1909f56bfc062723c751e8b465ee728b)
Start importing Assets/Prefab/BallEnergy.vfx using Guid(5a92f02fda399934181fbbc8db68d0a3) Importer(815301076,1909f56bfc062723c751e8b465ee728b)  -> (artifact id: 'de95bd48f99395bbf74c21abd621ef9c') in 0.033530 seconds 
  Import took 0.046233 seconds .

========================================================================
Received Import Request.
  Time since last request: 6.735005 seconds.
  path: Assets/Prefab/BallEnergy.vfx
  artifactKey: Guid(5a92f02fda399934181fbbc8db68d0a3) Importer(815301076,1909f56bfc062723c751e8b465ee728b)
Start importing Assets/Prefab/BallEnergy.vfx using Guid(5a92f02fda399934181fbbc8db68d0a3) Importer(815301076,1909f56bfc062723c751e8b465ee728b)  -> (artifact id: '7f97c9f11bfc15c40587cc164b01efac') in 0.030028 seconds 
  Import took 0.050454 seconds .

========================================================================
Received Import Request.
  Time since last request: 10.631935 seconds.
  path: Assets/Prefab/BallEnergy.vfx
  artifactKey: Guid(5a92f02fda399934181fbbc8db68d0a3) Importer(815301076,1909f56bfc062723c751e8b465ee728b)
Start importing Assets/Prefab/BallEnergy.vfx using Guid(5a92f02fda399934181fbbc8db68d0a3) Importer(815301076,1909f56bfc062723c751e8b465ee728b)  -> (artifact id: '37142296202de008f539198872251a33') in 0.016000 seconds 
  Import took 0.037617 seconds .

========================================================================
Received Import Request.
  Time since last request: 7.076185 seconds.
  path: Assets/Prefab/BallEnergy.vfx
  artifactKey: Guid(5a92f02fda399934181fbbc8db68d0a3) Importer(815301076,1909f56bfc062723c751e8b465ee728b)
Start importing Assets/Prefab/BallEnergy.vfx using Guid(5a92f02fda399934181fbbc8db68d0a3) Importer(815301076,1909f56bfc062723c751e8b465ee728b)  -> (artifact id: '40b5383d9f17e18961892eb895298ea0') in 0.005270 seconds 
  Import took 0.011787 seconds .

========================================================================
Received Import Request.
  Time since last request: 28.696252 seconds.
  path: Assets/Prefab/BallEnergy.vfx
  artifactKey: Guid(5a92f02fda399934181fbbc8db68d0a3) Importer(815301076,1909f56bfc062723c751e8b465ee728b)
Start importing Assets/Prefab/BallEnergy.vfx using Guid(5a92f02fda399934181fbbc8db68d0a3) Importer(815301076,1909f56bfc062723c751e8b465ee728b)  -> (artifact id: 'c2ef244b97727152e33140e467264acc') in 0.035676 seconds 
  Import took 0.045809 seconds .

========================================================================
Received Import Request.
  Time since last request: 48.975897 seconds.
  path: Assets/Prefab/BallEnergy.vfx
  artifactKey: Guid(5a92f02fda399934181fbbc8db68d0a3) Importer(815301076,1909f56bfc062723c751e8b465ee728b)
Start importing Assets/Prefab/BallEnergy.vfx using Guid(5a92f02fda399934181fbbc8db68d0a3) Importer(815301076,1909f56bfc062723c751e8b465ee728b)  -> (artifact id: 'c20fe95c2da52e2e7c3f67555b59c915') in 0.006855 seconds 
  Import took 0.013216 seconds .

========================================================================
Received Import Request.
  Time since last request: 23.112672 seconds.
  path: Assets/Prefab/BallEnergy.vfx
  artifactKey: Guid(5a92f02fda399934181fbbc8db68d0a3) Importer(815301076,1909f56bfc062723c751e8b465ee728b)
Start importing Assets/Prefab/BallEnergy.vfx using Guid(5a92f02fda399934181fbbc8db68d0a3) Importer(815301076,1909f56bfc062723c751e8b465ee728b)  -> (artifact id: '81648d4f904905bcec768881718f9214') in 0.005173 seconds 
  Import took 0.011828 seconds .

========================================================================
Received Import Request.
  Time since last request: 65.973728 seconds.
  path: Assets/Prefab/BallEnergy.vfx
  artifactKey: Guid(5a92f02fda399934181fbbc8db68d0a3) Importer(815301076,1909f56bfc062723c751e8b465ee728b)
Start importing Assets/Prefab/BallEnergy.vfx using Guid(5a92f02fda399934181fbbc8db68d0a3) Importer(815301076,1909f56bfc062723c751e8b465ee728b)  -> (artifact id: '7bfc995fa4bd4f6def3684f55a6e21a3') in 0.005255 seconds 
  Import took 0.012255 seconds .

========================================================================
Received Import Request.
  Time since last request: 2.313515 seconds.
  path: Assets/Prefab/BallEnergy.vfx
  artifactKey: Guid(5a92f02fda399934181fbbc8db68d0a3) Importer(815301076,1909f56bfc062723c751e8b465ee728b)
Start importing Assets/Prefab/BallEnergy.vfx using Guid(5a92f02fda399934181fbbc8db68d0a3) Importer(815301076,1909f56bfc062723c751e8b465ee728b)  -> (artifact id: '910fcb2ed80ea077d6e7a4df2532b0cc') in 0.005827 seconds 
  Import took 0.012441 seconds .

========================================================================
Received Import Request.
  Time since last request: 80.327740 seconds.
  path: Assets/Prefab/BallEnergy.vfx
  artifactKey: Guid(5a92f02fda399934181fbbc8db68d0a3) Importer(815301076,1909f56bfc062723c751e8b465ee728b)
Start importing Assets/Prefab/BallEnergy.vfx using Guid(5a92f02fda399934181fbbc8db68d0a3) Importer(815301076,1909f56bfc062723c751e8b465ee728b)  -> (artifact id: '2d618fbdad72f15d7fc0e99086d15b89') in 0.005792 seconds 
  Import took 0.012081 seconds .

========================================================================
Received Import Request.
  Time since last request: 3.081863 seconds.
  path: Assets/Prefab/BallEnergy.vfx
  artifactKey: Guid(5a92f02fda399934181fbbc8db68d0a3) Importer(815301076,1909f56bfc062723c751e8b465ee728b)
Start importing Assets/Prefab/BallEnergy.vfx using Guid(5a92f02fda399934181fbbc8db68d0a3) Importer(815301076,1909f56bfc062723c751e8b465ee728b)  -> (artifact id: 'b4dcdefb1f1e9353acf8f48e33f7a8d1') in 0.005407 seconds 
  Import took 0.012562 seconds .

========================================================================
Received Import Request.
  Time since last request: 83.394181 seconds.
  path: Assets/Prefab/BallEnergy.vfx
  artifactKey: Guid(5a92f02fda399934181fbbc8db68d0a3) Importer(815301076,1909f56bfc062723c751e8b465ee728b)
Start importing Assets/Prefab/BallEnergy.vfx using Guid(5a92f02fda399934181fbbc8db68d0a3) Importer(815301076,1909f56bfc062723c751e8b465ee728b)  -> (artifact id: '43ad5a3e63fd27cabb5a648b36849466') in 0.005681 seconds 
  Import took 0.013299 seconds .

========================================================================
Received Import Request.
  Time since last request: 5.682287 seconds.
  path: Assets/Prefab/BallEnergy.vfx
  artifactKey: Guid(5a92f02fda399934181fbbc8db68d0a3) Importer(815301076,1909f56bfc062723c751e8b465ee728b)
Start importing Assets/Prefab/BallEnergy.vfx using Guid(5a92f02fda399934181fbbc8db68d0a3) Importer(815301076,1909f56bfc062723c751e8b465ee728b)  -> (artifact id: '6ff1b8d641d5a7019021f55fd60fded5') in 0.005448 seconds 
  Import took 0.012264 seconds .

========================================================================
Received Import Request.
  Time since last request: 39.307390 seconds.
  path: Assets/Prefab/BallEnergy.vfx
  artifactKey: Guid(5a92f02fda399934181fbbc8db68d0a3) Importer(815301076,1909f56bfc062723c751e8b465ee728b)
Start importing Assets/Prefab/BallEnergy.vfx using Guid(5a92f02fda399934181fbbc8db68d0a3) Importer(815301076,1909f56bfc062723c751e8b465ee728b)  -> (artifact id: 'ba97ff3f2deef7583699d35f5e3cb98c') in 0.005922 seconds 
  Import took 0.012646 seconds .

========================================================================
Received Import Request.
  Time since last request: 2.371694 seconds.
  path: Assets/Prefab/BallEnergy.vfx
  artifactKey: Guid(5a92f02fda399934181fbbc8db68d0a3) Importer(815301076,1909f56bfc062723c751e8b465ee728b)
Start importing Assets/Prefab/BallEnergy.vfx using Guid(5a92f02fda399934181fbbc8db68d0a3) Importer(815301076,1909f56bfc062723c751e8b465ee728b)  -> (artifact id: '72305d8ae38c011c983f8198b4a04be2') in 0.006125 seconds 
  Import took 0.012541 seconds .

========================================================================
Received Import Request.
  Time since last request: 84.308155 seconds.
  path: Assets/Prefab/BallEnergy.vfx
  artifactKey: Guid(5a92f02fda399934181fbbc8db68d0a3) Importer(815301076,1909f56bfc062723c751e8b465ee728b)
Start importing Assets/Prefab/BallEnergy.vfx using Guid(5a92f02fda399934181fbbc8db68d0a3) Importer(815301076,1909f56bfc062723c751e8b465ee728b)  -> (artifact id: '0661295eab4b560809e3345d8ffc2be5') in 0.005903 seconds 
  Import took 0.012294 seconds .

========================================================================
Received Import Request.
  Time since last request: 4.965660 seconds.
  path: Assets/Prefab/BallEnergy.vfx
  artifactKey: Guid(5a92f02fda399934181fbbc8db68d0a3) Importer(815301076,1909f56bfc062723c751e8b465ee728b)
Start importing Assets/Prefab/BallEnergy.vfx using Guid(5a92f02fda399934181fbbc8db68d0a3) Importer(815301076,1909f56bfc062723c751e8b465ee728b)  -> (artifact id: '2c903a0bff1c80cf4e53d7aa57a4b5f2') in 0.005720 seconds 
  Import took 0.011989 seconds .

========================================================================
Received Import Request.
  Time since last request: 3.791812 seconds.
  path: Assets/Prefab/BallEnergy.vfx
  artifactKey: Guid(5a92f02fda399934181fbbc8db68d0a3) Importer(815301076,1909f56bfc062723c751e8b465ee728b)
Start importing Assets/Prefab/BallEnergy.vfx using Guid(5a92f02fda399934181fbbc8db68d0a3) Importer(815301076,1909f56bfc062723c751e8b465ee728b)  -> (artifact id: 'b81917a66dfeb6a54d421ff00395294a') in 0.005691 seconds 
  Import took 0.012301 seconds .

========================================================================
Received Import Request.
  Time since last request: 46.474637 seconds.
  path: Assets/Prefab/BallEnergy.vfx
  artifactKey: Guid(5a92f02fda399934181fbbc8db68d0a3) Importer(815301076,1909f56bfc062723c751e8b465ee728b)
Start importing Assets/Prefab/BallEnergy.vfx using Guid(5a92f02fda399934181fbbc8db68d0a3) Importer(815301076,1909f56bfc062723c751e8b465ee728b)  -> (artifact id: '83cd8101a24e812e2fea5e4279c5d435') in 0.005344 seconds 
  Import took 0.012443 seconds .

========================================================================
Received Import Request.
  Time since last request: 39.849904 seconds.
  path: Assets/Prefab/BallEnergy.vfx
  artifactKey: Guid(5a92f02fda399934181fbbc8db68d0a3) Importer(815301076,1909f56bfc062723c751e8b465ee728b)
Start importing Assets/Prefab/BallEnergy.vfx using Guid(5a92f02fda399934181fbbc8db68d0a3) Importer(815301076,1909f56bfc062723c751e8b465ee728b)  -> (artifact id: '563316953489099db27171b3651fd6f4') in 0.006150 seconds 
  Import took 0.013083 seconds .

========================================================================
Received Import Request.
  Time since last request: 277.377610 seconds.
  path: Assets/Prefab/BallEnergy.vfx
  artifactKey: Guid(5a92f02fda399934181fbbc8db68d0a3) Importer(815301076,1909f56bfc062723c751e8b465ee728b)
Start importing Assets/Prefab/BallEnergy.vfx using Guid(5a92f02fda399934181fbbc8db68d0a3) Importer(815301076,1909f56bfc062723c751e8b465ee728b)  -> (artifact id: 'f556ce24c7d21df607e8dd9f0f712ab9') in 0.017063 seconds 
  Import took 0.023914 seconds .

========================================================================
Received Import Request.
  Time since last request: 2.521999 seconds.
  path: Assets/Prefab/BallEnergy.vfx
  artifactKey: Guid(5a92f02fda399934181fbbc8db68d0a3) Importer(815301076,1909f56bfc062723c751e8b465ee728b)
Start importing Assets/Prefab/BallEnergy.vfx using Guid(5a92f02fda399934181fbbc8db68d0a3) Importer(815301076,1909f56bfc062723c751e8b465ee728b)  -> (artifact id: '85c43f230e6cc3428742d50403a14e01') in 0.005724 seconds 
  Import took 0.012075 seconds .

========================================================================
Received Import Request.
  Time since last request: 0.912195 seconds.
  path: Assets/Prefab/BallEnergy.vfx
  artifactKey: Guid(5a92f02fda399934181fbbc8db68d0a3) Importer(815301076,1909f56bfc062723c751e8b465ee728b)
Start importing Assets/Prefab/BallEnergy.vfx using Guid(5a92f02fda399934181fbbc8db68d0a3) Importer(815301076,1909f56bfc062723c751e8b465ee728b)  -> (artifact id: '6f278b4c5499c090d5db102fa5280bd8') in 0.017449 seconds 
  Import took 0.031465 seconds .

========================================================================
Received Import Request.
  Time since last request: 83.615635 seconds.
  path: Assets/Prefab/BallEnergy.vfx
  artifactKey: Guid(5a92f02fda399934181fbbc8db68d0a3) Importer(815301076,1909f56bfc062723c751e8b465ee728b)
Start importing Assets/Prefab/BallEnergy.vfx using Guid(5a92f02fda399934181fbbc8db68d0a3) Importer(815301076,1909f56bfc062723c751e8b465ee728b)  -> (artifact id: 'f20252ea53508362efa006c1274f4a21') in 0.005366 seconds 
  Import took 0.011633 seconds .

========================================================================
Received Import Request.
  Time since last request: 81.565905 seconds.
  path: Assets/Prefab/BallEnergy.vfx
  artifactKey: Guid(5a92f02fda399934181fbbc8db68d0a3) Importer(815301076,1909f56bfc062723c751e8b465ee728b)
Start importing Assets/Prefab/BallEnergy.vfx using Guid(5a92f02fda399934181fbbc8db68d0a3) Importer(815301076,1909f56bfc062723c751e8b465ee728b)  -> (artifact id: 'd6b065b76f02538c9e797904d958cc89') in 0.006977 seconds 
  Import took 0.013886 seconds .

========================================================================
Received Import Request.
  Time since last request: 28.726692 seconds.
  path: Assets/Prefab/BallEnergy.vfx
  artifactKey: Guid(5a92f02fda399934181fbbc8db68d0a3) Importer(815301076,1909f56bfc062723c751e8b465ee728b)
Start importing Assets/Prefab/BallEnergy.vfx using Guid(5a92f02fda399934181fbbc8db68d0a3) Importer(815301076,1909f56bfc062723c751e8b465ee728b)  -> (artifact id: '35dba9a4b783368023492d1ac99efb26') in 0.009510 seconds 
  Import took 0.016003 seconds .

========================================================================
Received Import Request.
  Time since last request: 31.188421 seconds.
  path: Assets/Prefab/BallEnergy.vfx
  artifactKey: Guid(5a92f02fda399934181fbbc8db68d0a3) Importer(815301076,1909f56bfc062723c751e8b465ee728b)
Start importing Assets/Prefab/BallEnergy.vfx using Guid(5a92f02fda399934181fbbc8db68d0a3) Importer(815301076,1909f56bfc062723c751e8b465ee728b)  -> (artifact id: '05bc42aa37b89590c77d35ca1b3cd388') in 0.005780 seconds 
  Import took 0.012709 seconds .

========================================================================
Received Import Request.
  Time since last request: 2.834553 seconds.
  path: Assets/Prefab/BallEnergy.vfx
  artifactKey: Guid(5a92f02fda399934181fbbc8db68d0a3) Importer(815301076,1909f56bfc062723c751e8b465ee728b)
Start importing Assets/Prefab/BallEnergy.vfx using Guid(5a92f02fda399934181fbbc8db68d0a3) Importer(815301076,1909f56bfc062723c751e8b465ee728b)  -> (artifact id: '3b5c9b3a4dbf812b54d0afbca8941429') in 0.006976 seconds 
  Import took 0.013259 seconds .

========================================================================
Received Import Request.
  Time since last request: 81.636368 seconds.
  path: Assets/Prefab/BallEnergy.vfx
  artifactKey: Guid(5a92f02fda399934181fbbc8db68d0a3) Importer(815301076,1909f56bfc062723c751e8b465ee728b)
Start importing Assets/Prefab/BallEnergy.vfx using Guid(5a92f02fda399934181fbbc8db68d0a3) Importer(815301076,1909f56bfc062723c751e8b465ee728b)  -> (artifact id: 'b8dd3ca86ea2d7d24db16754e3c2da02') in 0.005372 seconds 
  Import took 0.012280 seconds .

========================================================================
Received Import Request.
  Time since last request: 23.937720 seconds.
  path: Assets/Prefab/BallEnergy.vfx
  artifactKey: Guid(5a92f02fda399934181fbbc8db68d0a3) Importer(815301076,1909f56bfc062723c751e8b465ee728b)
Start importing Assets/Prefab/BallEnergy.vfx using Guid(5a92f02fda399934181fbbc8db68d0a3) Importer(815301076,1909f56bfc062723c751e8b465ee728b)  -> (artifact id: '4ddbac12c29a0d15e722d62828fee7a7') in 0.005285 seconds 
  Import took 0.011926 seconds .

========================================================================
Received Import Request.
  Time since last request: 21.834101 seconds.
  path: Assets/Prefab/BallEnergy.vfx
  artifactKey: Guid(5a92f02fda399934181fbbc8db68d0a3) Importer(815301076,1909f56bfc062723c751e8b465ee728b)
Start importing Assets/Prefab/BallEnergy.vfx using Guid(5a92f02fda399934181fbbc8db68d0a3) Importer(815301076,1909f56bfc062723c751e8b465ee728b)  -> (artifact id: '527cb396e0e532659c72804848de7150') in 0.006769 seconds 
  Import took 0.013112 seconds .

========================================================================
Received Import Request.
  Time since last request: 17.020192 seconds.
  path: Assets/Prefab/BallEnergy.vfx
  artifactKey: Guid(5a92f02fda399934181fbbc8db68d0a3) Importer(815301076,1909f56bfc062723c751e8b465ee728b)
Start importing Assets/Prefab/BallEnergy.vfx using Guid(5a92f02fda399934181fbbc8db68d0a3) Importer(815301076,1909f56bfc062723c751e8b465ee728b)  -> (artifact id: 'e7460851309b98166de56f08d1c38670') in 0.005677 seconds 
  Import took 0.012521 seconds .

========================================================================
Received Import Request.
  Time since last request: 125.853677 seconds.
  path: Assets/Prefab/BallEnergy.vfx
  artifactKey: Guid(5a92f02fda399934181fbbc8db68d0a3) Importer(815301076,1909f56bfc062723c751e8b465ee728b)
Start importing Assets/Prefab/BallEnergy.vfx using Guid(5a92f02fda399934181fbbc8db68d0a3) Importer(815301076,1909f56bfc062723c751e8b465ee728b)  -> (artifact id: 'a645ab29b71ce9e5a018cf204fb7dffc') in 0.007044 seconds 
  Import took 0.015750 seconds .

AssetImportWorkerClient::OnTransportError - code=2 error=End of file
